[ 2020-12-09T10:48:09+08:00 ] 127.0.0.1 /admin.php/
INFO: [ app_init ] --START--
INFO: Run Behavior\BuildLiteBehavior [ RunTime:0.000006s ]
INFO: [ app_init ] --END-- [ RunTime:0.000036s ]

[ 2020-12-09T10:48:10+08:00 ] 127.0.0.1 /admin.php/Login/login.html
INFO: [ app_init ] --START--
INFO: Run Behavior\BuildLiteBehavior [ RunTime:0.000006s ]
INFO: [ app_init ] --END-- [ RunTime:0.000034s ]

[ 2020-12-09T10:48:10+08:00 ] 127.0.0.1 /admin.php/Login/assets/js/jquery-2.0.3.min.js
INFO: [ app_init ] --START--
INFO: Run Behavior\BuildLiteBehavior [ RunTime:0.000007s ]
INFO: [ app_init ] --END-- [ RunTime:0.000039s ]
ERR: 非法操作:assets

[ 2020-12-09T10:48:14+08:00 ] 127.0.0.1 /admin.php/Login/login
INFO: [ app_init ] --START--
INFO: Run Behavior\BuildLiteBehavior [ RunTime:0.000006s ]
INFO: [ app_init ] --END-- [ RunTime:0.000031s ]

[ 2020-12-09T10:48:14+08:00 ] 127.0.0.1 /admin.php/Index/index.html
INFO: [ app_init ] --START--
INFO: Run Behavior\BuildLiteBehavior [ RunTime:0.000005s ]
INFO: [ app_init ] --END-- [ RunTime:0.000033s ]

[ 2020-12-09T10:48:24+08:00 ] 127.0.0.1 /admin.php/Advice/index.html
INFO: [ app_init ] --START--
INFO: Run Behavior\BuildLiteBehavior [ RunTime:0.000007s ]
INFO: [ app_init ] --END-- [ RunTime:0.000036s ]

[ 2020-12-09T11:20:54+08:00 ] 127.0.0.1 /admin.php/Activity/add.html
INFO: [ app_init ] --START--
INFO: Run Behavior\BuildLiteBehavior [ RunTime:0.000006s ]
INFO: [ app_init ] --END-- [ RunTime:0.000034s ]

[ 2020-12-09T11:20:59+08:00 ] 127.0.0.1 /admin.php/Activity/add
INFO: [ app_init ] --START--
INFO: Run Behavior\BuildLiteBehavior [ RunTime:0.000007s ]
INFO: [ app_init ] --END-- [ RunTime:0.000038s ]

[ 2020-12-09T11:20:59+08:00 ] 127.0.0.1 /admin.php/activity/index.html
INFO: [ app_init ] --START--
INFO: Run Behavior\BuildLiteBehavior [ RunTime:0.000007s ]
INFO: [ app_init ] --END-- [ RunTime:0.000037s ]

[ 2020-12-09T11:21:01+08:00 ] 127.0.0.1 /admin.php/Activity/index/p/2.html
INFO: [ app_init ] --START--
INFO: Run Behavior\BuildLiteBehavior [ RunTime:0.000007s ]
INFO: [ app_init ] --END-- [ RunTime:0.000037s ]

[ 2020-12-09T11:21:39+08:00 ] 127.0.0.1 /admin.php/Activity/index/p/2.html
INFO: [ app_init ] --START--
INFO: Run Behavior\BuildLiteBehavior [ RunTime:0.000006s ]
INFO: [ app_init ] --END-- [ RunTime:0.000033s ]

[ 2020-12-09T11:21:41+08:00 ] 127.0.0.1 /admin.php/Activity/add.html
INFO: [ app_init ] --START--
INFO: Run Behavior\BuildLiteBehavior [ RunTime:0.000006s ]
INFO: [ app_init ] --END-- [ RunTime:0.000034s ]

[ 2020-12-09T11:21:42+08:00 ] 127.0.0.1 /admin.php/Activity/add
INFO: [ app_init ] --START--
INFO: Run Behavior\BuildLiteBehavior [ RunTime:0.000008s ]
INFO: [ app_init ] --END-- [ RunTime:0.000042s ]

[ 2020-12-09T11:21:42+08:00 ] 127.0.0.1 /admin.php/activity/index.html
INFO: [ app_init ] --START--
INFO: Run Behavior\BuildLiteBehavior [ RunTime:0.000006s ]
INFO: [ app_init ] --END-- [ RunTime:0.000034s ]

[ 2020-12-09T11:21:44+08:00 ] 127.0.0.1 /admin.php/Activity/index/p/2.html
INFO: [ app_init ] --START--
INFO: Run Behavior\BuildLiteBehavior [ RunTime:0.000005s ]
INFO: [ app_init ] --END-- [ RunTime:0.000033s ]

[ 2020-12-09T11:23:22+08:00 ] 127.0.0.1 /admin.php/Activity/index.html
INFO: [ app_init ] --START--
INFO: Run Behavior\BuildLiteBehavior [ RunTime:0.000013s ]
INFO: [ app_init ] --END-- [ RunTime:0.000081s ]

[ 2020-12-09T14:28:20+08:00 ] 127.0.0.1 /admin.php/News/index.html
INFO: [ app_init ] --START--
INFO: Run Behavior\BuildLiteBehavior [ RunTime:0.000006s ]
INFO: [ app_init ] --END-- [ RunTime:0.000034s ]

[ 2020-12-09T14:28:24+08:00 ] 127.0.0.1 /admin.php/News/add.html
INFO: [ app_init ] --START--
INFO: Run Behavior\BuildLiteBehavior [ RunTime:0.000006s ]
INFO: [ app_init ] --END-- [ RunTime:0.000033s ]

[ 2020-12-09T14:48:52+08:00 ] 127.0.0.1 /admin.php/Activity/add.html
INFO: [ app_init ] --START--
INFO: Run Behavior\BuildLiteBehavior [ RunTime:0.000005s ]
INFO: [ app_init ] --END-- [ RunTime:0.000031s ]

[ 2020-12-09T15:51:14+08:00 ] 127.0.0.1 /admin.php/Activity/index.html
INFO: [ app_init ] --START--
INFO: Run Behavior\BuildLiteBehavior [ RunTime:0.000006s ]
INFO: [ app_init ] --END-- [ RunTime:0.000032s ]

[ 2020-12-09T15:51:23+08:00 ] 127.0.0.1 /admin.php/Activity/join.html
INFO: [ app_init ] --START--
INFO: Run Behavior\BuildLiteBehavior [ RunTime:0.000007s ]
INFO: [ app_init ] --END-- [ RunTime:0.000034s ]

[ 2020-12-09T15:51:24+08:00 ] 127.0.0.1 /admin.php/Activity/deljoin/joinid/1
INFO: [ app_init ] --START--
INFO: Run Behavior\BuildLiteBehavior [ RunTime:0.000006s ]
INFO: [ app_init ] --END-- [ RunTime:0.000034s ]

[ 2020-12-09T15:51:24+08:00 ] 127.0.0.1 /admin.php/Activity/join.html
INFO: [ app_init ] --START--
INFO: Run Behavior\BuildLiteBehavior [ RunTime:0.000006s ]
INFO: [ app_init ] --END-- [ RunTime:0.000033s ]

[ 2020-12-09T15:51:27+08:00 ] 127.0.0.1 /admin.php/Activity/join.html
INFO: [ app_init ] --START--
INFO: Run Behavior\BuildLiteBehavior [ RunTime:0.000006s ]
INFO: [ app_init ] --END-- [ RunTime:0.000032s ]

[ 2020-12-09T15:51:42+08:00 ] 127.0.0.1 /admin.php/Activity/index.html
INFO: [ app_init ] --START--
INFO: Run Behavior\BuildLiteBehavior [ RunTime:0.000007s ]
INFO: [ app_init ] --END-- [ RunTime:0.000036s ]

[ 2020-12-09T15:51:45+08:00 ] 127.0.0.1 /admin.php/Activity/index/p/2.html
INFO: [ app_init ] --START--
INFO: Run Behavior\BuildLiteBehavior [ RunTime:0.000006s ]
INFO: [ app_init ] --END-- [ RunTime:0.000034s ]

[ 2020-12-09T15:51:46+08:00 ] 127.0.0.1 /admin.php/Activity/index/p/1.html
INFO: [ app_init ] --START--
INFO: Run Behavior\BuildLiteBehavior [ RunTime:0.000007s ]
INFO: [ app_init ] --END-- [ RunTime:0.000033s ]

[ 2020-12-09T15:51:48+08:00 ] 127.0.0.1 /admin.php/Activity/join.html
INFO: [ app_init ] --START--
INFO: Run Behavior\BuildLiteBehavior [ RunTime:0.000006s ]
INFO: [ app_init ] --END-- [ RunTime:0.000034s ]

[ 2020-12-09T15:51:51+08:00 ] 127.0.0.1 /admin.php/Activity/add.html
INFO: [ app_init ] --START--
INFO: Run Behavior\BuildLiteBehavior [ RunTime:0.000006s ]
INFO: [ app_init ] --END-- [ RunTime:0.000033s ]

[ 2020-12-09T15:51:55+08:00 ] 127.0.0.1 /admin.php/Activity/join.html
INFO: [ app_init ] --START--
INFO: Run Behavior\BuildLiteBehavior [ RunTime:0.000007s ]
INFO: [ app_init ] --END-- [ RunTime:0.000033s ]

[ 2020-12-09T15:52:54+08:00 ] 127.0.0.1 /admin.php/Activity/join.html
INFO: [ app_init ] --START--
INFO: Run Behavior\BuildLiteBehavior [ RunTime:0.000006s ]
INFO: [ app_init ] --END-- [ RunTime:0.000034s ]

[ 2020-12-09T15:53:15+08:00 ] 127.0.0.1 /admin.php/Activity/join.html
INFO: [ app_init ] --START--
INFO: Run Behavior\BuildLiteBehavior [ RunTime:0.000007s ]
INFO: [ app_init ] --END-- [ RunTime:0.000035s ]

[ 2020-12-09T15:54:01+08:00 ] 127.0.0.1 /admin.php/Advice/index.html
INFO: [ app_init ] --START--
INFO: Run Behavior\BuildLiteBehavior [ RunTime:0.000006s ]
INFO: [ app_init ] --END-- [ RunTime:0.000035s ]

[ 2020-12-09T15:54:03+08:00 ] 127.0.0.1 /admin.php/Advice/index/p/2.html
INFO: [ app_init ] --START--
INFO: Run Behavior\BuildLiteBehavior [ RunTime:0.000007s ]
INFO: [ app_init ] --END-- [ RunTime:0.000035s ]

[ 2020-12-09T15:54:10+08:00 ] 127.0.0.1 /admin.php/Advice/index/p/1.html
INFO: [ app_init ] --START--
INFO: Run Behavior\BuildLiteBehavior [ RunTime:0.000007s ]
INFO: [ app_init ] --END-- [ RunTime:0.000033s ]

[ 2020-12-09T17:12:37+08:00 ] 127.0.0.1 /admin.php/Activity/index.html
INFO: [ app_init ] --START--
INFO: Run Behavior\BuildLiteBehavior [ RunTime:0.000007s ]
INFO: [ app_init ] --END-- [ RunTime:0.000034s ]

[ 2020-12-09T17:50:18+08:00 ] 127.0.0.1 /admin.php/Activity/join.html
INFO: [ app_init ] --START--
INFO: Run Behavior\BuildLiteBehavior [ RunTime:0.000007s ]
INFO: [ app_init ] --END-- [ RunTime:0.000042s ]

[ 2020-12-09T17:50:49+08:00 ] 127.0.0.1 /admin.php/Activity/deljoin/joinid/2
INFO: [ app_init ] --START--
INFO: Run Behavior\BuildLiteBehavior [ RunTime:0.000006s ]
INFO: [ app_init ] --END-- [ RunTime:0.000032s ]

[ 2020-12-09T17:50:49+08:00 ] 127.0.0.1 /admin.php/Activity/join.html
INFO: [ app_init ] --START--
INFO: Run Behavior\BuildLiteBehavior [ RunTime:0.000007s ]
INFO: [ app_init ] --END-- [ RunTime:0.000035s ]

[ 2020-12-09T17:50:52+08:00 ] 127.0.0.1 /admin.php/Activity/join.html
INFO: [ app_init ] --START--
INFO: Run Behavior\BuildLiteBehavior [ RunTime:0.000006s ]
INFO: [ app_init ] --END-- [ RunTime:0.000033s ]

[ 2020-12-09T17:51:54+08:00 ] 127.0.0.1 /admin.php/Activity/join.html
INFO: [ app_init ] --START--
INFO: Run Behavior\BuildLiteBehavior [ RunTime:0.000007s ]
INFO: [ app_init ] --END-- [ RunTime:0.000035s ]

[ 2020-12-09T17:52:34+08:00 ] 127.0.0.1 /admin.php/Activity/join.html
INFO: [ app_init ] --START--
INFO: Run Behavior\BuildLiteBehavior [ RunTime:0.000006s ]
INFO: [ app_init ] --END-- [ RunTime:0.000032s ]

[ 2020-12-09T17:54:39+08:00 ] 127.0.0.1 /admin.php/Activity/join.html
INFO: [ app_init ] --START--
INFO: Run Behavior\BuildLiteBehavior [ RunTime:0.000006s ]
INFO: [ app_init ] --END-- [ RunTime:0.000046s ]

[ 2020-12-09T17:55:19+08:00 ] 127.0.0.1 /admin.php/Activity/join.html
INFO: [ app_init ] --START--
INFO: Run Behavior\BuildLiteBehavior [ RunTime:0.000006s ]
INFO: [ app_init ] --END-- [ RunTime:0.000033s ]

[ 2020-12-09T17:55:37+08:00 ] 127.0.0.1 /admin.php/Activity/index.html
INFO: [ app_init ] --START--
INFO: Run Behavior\BuildLiteBehavior [ RunTime:0.000006s ]
INFO: [ app_init ] --END-- [ RunTime:0.000032s ]

[ 2020-12-09T18:02:19+08:00 ] 127.0.0.1 /admin.php/Activity/join.html
INFO: [ app_init ] --START--
INFO: Run Behavior\BuildLiteBehavior [ RunTime:0.000007s ]
INFO: [ app_init ] --END-- [ RunTime:0.000035s ]

[ 2020-12-09T22:49:07+08:00 ] 127.0.0.1 /admin.php/
INFO: [ app_init ] --START--
INFO: Run Behavior\BuildLiteBehavior [ RunTime:0.000007s ]
INFO: [ app_init ] --END-- [ RunTime:0.000036s ]

[ 2020-12-09T22:49:08+08:00 ] 127.0.0.1 /admin.php/Login/login.html
INFO: [ app_init ] --START--
INFO: Run Behavior\BuildLiteBehavior [ RunTime:0.000007s ]
INFO: [ app_init ] --END-- [ RunTime:0.000034s ]

[ 2020-12-09T22:49:08+08:00 ] 127.0.0.1 /admin.php/Login/assets/js/jquery-2.0.3.min.js
INFO: [ app_init ] --START--
INFO: Run Behavior\BuildLiteBehavior [ RunTime:0.000006s ]
INFO: [ app_init ] --END-- [ RunTime:0.000035s ]
ERR: 非法操作:assets

[ 2020-12-09T22:49:13+08:00 ] 127.0.0.1 /admin.php/Login/login
INFO: [ app_init ] --START--
INFO: Run Behavior\BuildLiteBehavior [ RunTime:0.000008s ]
INFO: [ app_init ] --END-- [ RunTime:0.000038s ]

[ 2020-12-09T22:49:13+08:00 ] 127.0.0.1 /admin.php/Index/index.html
INFO: [ app_init ] --START--
INFO: Run Behavior\BuildLiteBehavior [ RunTime:0.000006s ]
INFO: [ app_init ] --END-- [ RunTime:0.000032s ]

[ 2020-12-09T22:49:16+08:00 ] 127.0.0.1 /admin.php/Activity/join.html
INFO: [ app_init ] --START--
INFO: Run Behavior\BuildLiteBehavior [ RunTime:0.000006s ]
INFO: [ app_init ] --END-- [ RunTime:0.000035s ]

[ 2020-12-09T22:51:58+08:00 ] 127.0.0.1 /admin.php/Activity/add.html
INFO: [ app_init ] --START--
INFO: Run Behavior\BuildLiteBehavior [ RunTime:0.000006s ]
INFO: [ app_init ] --END-- [ RunTime:0.000032s ]

[ 2020-12-09T22:54:31+08:00 ] 127.0.0.1 /admin.php/Activity/add
INFO: [ app_init ] --START--
INFO: Run Behavior\BuildLiteBehavior [ RunTime:0.000006s ]
INFO: [ app_init ] --END-- [ RunTime:0.000032s ]

[ 2020-12-09T22:54:31+08:00 ] 127.0.0.1 /admin.php/activity/index.html
INFO: [ app_init ] --START--
INFO: Run Behavior\BuildLiteBehavior [ RunTime:0.000006s ]
INFO: [ app_init ] --END-- [ RunTime:0.000032s ]

[ 2020-12-09T22:55:00+08:00 ] 127.0.0.1 /admin.php/Activity/add.html
INFO: [ app_init ] --START--
INFO: Run Behavior\BuildLiteBehavior [ RunTime:0.000007s ]
INFO: [ app_init ] --END-- [ RunTime:0.000033s ]

[ 2020-12-09T22:55:04+08:00 ] 127.0.0.1 /admin.php/Activity/join.html
INFO: [ app_init ] --START--
INFO: Run Behavior\BuildLiteBehavior [ RunTime:0.000007s ]
INFO: [ app_init ] --END-- [ RunTime:0.000035s ]

[ 2020-12-09T23:01:51+08:00 ] 127.0.0.1 /admin.php/Activity/add.html
INFO: [ app_init ] --START--
INFO: Run Behavior\BuildLiteBehavior [ RunTime:0.000006s ]
INFO: [ app_init ] --END-- [ RunTime:0.000032s ]

[ 2020-12-09T23:02:05+08:00 ] 127.0.0.1 /admin.php/Activity/add
INFO: [ app_init ] --START--
INFO: Run Behavior\BuildLiteBehavior [ RunTime:0.000011s ]
INFO: [ app_init ] --END-- [ RunTime:0.000056s ]

[ 2020-12-09T23:02:05+08:00 ] 127.0.0.1 /admin.php/activity/index.html
INFO: [ app_init ] --START--
INFO: Run Behavior\BuildLiteBehavior [ RunTime:0.000006s ]
INFO: [ app_init ] --END-- [ RunTime:0.000032s ]

[ 2020-12-09T23:02:13+08:00 ] 127.0.0.1 /admin.php/Activity/join.html
INFO: [ app_init ] --START--
INFO: Run Behavior\BuildLiteBehavior [ RunTime:0.000006s ]
INFO: [ app_init ] --END-- [ RunTime:0.000033s ]

[ 2020-12-09T23:02:15+08:00 ] 127.0.0.1 /admin.php/Activity/join/p/2.html
INFO: [ app_init ] --START--
INFO: Run Behavior\BuildLiteBehavior [ RunTime:0.000006s ]
INFO: [ app_init ] --END-- [ RunTime:0.000032s ]

[ 2020-12-09T23:02:18+08:00 ] 127.0.0.1 /admin.php/Activity/deljoin/joinid/20
INFO: [ app_init ] --START--
INFO: Run Behavior\BuildLiteBehavior [ RunTime:0.000007s ]
INFO: [ app_init ] --END-- [ RunTime:0.000056s ]

[ 2020-12-09T23:02:18+08:00 ] 127.0.0.1 /admin.php/Activity/join.html
INFO: [ app_init ] --START--
INFO: Run Behavior\BuildLiteBehavior [ RunTime:0.000006s ]
INFO: [ app_init ] --END-- [ RunTime:0.000032s ]

[ 2020-12-09T23:02:20+08:00 ] 127.0.0.1 /admin.php/Activity/deljoin/joinid/22
INFO: [ app_init ] --START--
INFO: Run Behavior\BuildLiteBehavior [ RunTime:0.000012s ]
INFO: [ app_init ] --END-- [ RunTime:0.000054s ]

[ 2020-12-09T23:02:20+08:00 ] 127.0.0.1 /admin.php/Activity/join.html
INFO: [ app_init ] --START--
INFO: Run Behavior\BuildLiteBehavior [ RunTime:0.000006s ]
INFO: [ app_init ] --END-- [ RunTime:0.000033s ]

[ 2020-12-09T23:02:21+08:00 ] 127.0.0.1 /admin.php/Activity/deljoin/joinid/23
INFO: [ app_init ] --START--
INFO: Run Behavior\BuildLiteBehavior [ RunTime:0.000007s ]
INFO: [ app_init ] --END-- [ RunTime:0.000035s ]

[ 2020-12-09T23:02:21+08:00 ] 127.0.0.1 /admin.php/Activity/join.html
INFO: [ app_init ] --START--
INFO: Run Behavior\BuildLiteBehavior [ RunTime:0.000006s ]
INFO: [ app_init ] --END-- [ RunTime:0.000032s ]

[ 2020-12-09T23:02:22+08:00 ] 127.0.0.1 /admin.php/Activity/deljoin/joinid/24
INFO: [ app_init ] --START--
INFO: Run Behavior\BuildLiteBehavior [ RunTime:0.000006s ]
INFO: [ app_init ] --END-- [ RunTime:0.000033s ]

[ 2020-12-09T23:02:22+08:00 ] 127.0.0.1 /admin.php/Activity/join.html
INFO: [ app_init ] --START--
INFO: Run Behavior\BuildLiteBehavior [ RunTime:0.000006s ]
INFO: [ app_init ] --END-- [ RunTime:0.000032s ]

[ 2020-12-09T23:05:25+08:00 ] 127.0.0.1 /admin.php/Activity/add.html
INFO: [ app_init ] --START--
INFO: Run Behavior\BuildLiteBehavior [ RunTime:0.000007s ]
INFO: [ app_init ] --END-- [ RunTime:0.000039s ]

[ 2020-12-09T23:05:33+08:00 ] 127.0.0.1 /admin.php/Activity/add
INFO: [ app_init ] --START--
INFO: Run Behavior\BuildLiteBehavior [ RunTime:0.000010s ]
INFO: [ app_init ] --END-- [ RunTime:0.000039s ]

[ 2020-12-09T23:05:33+08:00 ] 127.0.0.1 /admin.php/activity/index.html
INFO: [ app_init ] --START--
INFO: Run Behavior\BuildLiteBehavior [ RunTime:0.000005s ]
INFO: [ app_init ] --END-- [ RunTime:0.000031s ]

[ 2020-12-09T23:59:58+08:00 ] 127.0.0.1 /admin.php/Activity/index.html
INFO: [ app_init ] --START--
INFO: Run Behavior\BuildLiteBehavior [ RunTime:0.000005s ]
INFO: [ app_init ] --END-- [ RunTime:0.000032s ]

