[ 2020-12-10T00:00:01+08:00 ] 127.0.0.1 /admin.php/Activity/join.html
INFO: [ app_init ] --START--
INFO: Run Behavior\BuildLiteBehavior [ RunTime:0.000007s ]
INFO: [ app_init ] --END-- [ RunTime:0.000034s ]

[ 2020-12-10T00:00:02+08:00 ] 127.0.0.1 /admin.php/Activity/join/p/6.html
INFO: [ app_init ] --START--
INFO: Run Behavior\BuildLiteBehavior [ RunTime:0.000006s ]
INFO: [ app_init ] --END-- [ RunTime:0.000034s ]

[ 2020-12-10T00:00:04+08:00 ] 127.0.0.1 /admin.php/Activity/join/p/4.html
INFO: [ app_init ] --START--
INFO: Run Behavior\BuildLiteBehavior [ RunTime:0.000006s ]
INFO: [ app_init ] --END-- [ RunTime:0.000034s ]

[ 2020-12-10T00:01:13+08:00 ] 127.0.0.1 /admin.php/Activity/join/p/5.html
INFO: [ app_init ] --START--
INFO: Run Behavior\BuildLiteBehavior [ RunTime:0.000006s ]
INFO: [ app_init ] --END-- [ RunTime:0.000032s ]

[ 2020-12-10T00:01:15+08:00 ] 127.0.0.1 /admin.php/Activity/join/p/2.html
INFO: [ app_init ] --START--
INFO: Run Behavior\BuildLiteBehavior [ RunTime:0.000006s ]
INFO: [ app_init ] --END-- [ RunTime:0.000034s ]

[ 2020-12-10T00:01:16+08:00 ] 127.0.0.1 /admin.php/Activity/join/p/1.html
INFO: [ app_init ] --START--
INFO: Run Behavior\BuildLiteBehavior [ RunTime:0.000007s ]
INFO: [ app_init ] --END-- [ RunTime:0.000046s ]

[ 2020-12-10T09:15:00+08:00 ] 127.0.0.1 /admin.php
INFO: [ app_init ] --START--
INFO: Run Behavior\BuildLiteBehavior [ RunTime:0.000013s ]
INFO: [ app_init ] --END-- [ RunTime:0.000071s ]

[ 2020-12-10T09:15:03+08:00 ] 127.0.0.1 /admin.php/Login/login.html
INFO: [ app_init ] --START--
INFO: Run Behavior\BuildLiteBehavior [ RunTime:0.000011s ]
INFO: [ app_init ] --END-- [ RunTime:0.000058s ]

[ 2020-12-10T09:15:03+08:00 ] 127.0.0.1 /admin.php/Login/assets/js/jquery-2.0.3.min.js
INFO: [ app_init ] --START--
INFO: Run Behavior\BuildLiteBehavior [ RunTime:0.000009s ]
INFO: [ app_init ] --END-- [ RunTime:0.000049s ]
ERR: 非法操作:assets

[ 2020-12-10T09:15:15+08:00 ] 127.0.0.1 /admin.php/Login/login
INFO: [ app_init ] --START--
INFO: Run Behavior\BuildLiteBehavior [ RunTime:0.000013s ]
INFO: [ app_init ] --END-- [ RunTime:0.000065s ]

[ 2020-12-10T09:15:15+08:00 ] 127.0.0.1 /admin.php/Index/index.html
INFO: [ app_init ] --START--
INFO: Run Behavior\BuildLiteBehavior [ RunTime:0.000010s ]
INFO: [ app_init ] --END-- [ RunTime:0.000054s ]

[ 2020-12-10T09:15:17+08:00 ] 127.0.0.1 /admin.php/Login/assets/js/jquery-2.0.3.min.js
INFO: [ app_init ] --START--
INFO: Run Behavior\BuildLiteBehavior [ RunTime:0.000015s ]
INFO: [ app_init ] --END-- [ RunTime:0.000080s ]
ERR: 非法操作:assets

[ 2020-12-10T09:15:22+08:00 ] 127.0.0.1 /admin.php/Login/login
INFO: [ app_init ] --START--
INFO: Run Behavior\BuildLiteBehavior [ RunTime:0.000008s ]
INFO: [ app_init ] --END-- [ RunTime:0.000043s ]

[ 2020-12-10T09:15:22+08:00 ] 127.0.0.1 /admin.php/Index/index.html
INFO: [ app_init ] --START--
INFO: Run Behavior\BuildLiteBehavior [ RunTime:0.000007s ]
INFO: [ app_init ] --END-- [ RunTime:0.000034s ]

[ 2020-12-10T09:15:30+08:00 ] 127.0.0.1 /admin.php/Activity/index.html
INFO: [ app_init ] --START--
INFO: Run Behavior\BuildLiteBehavior [ RunTime:0.000009s ]
INFO: [ app_init ] --END-- [ RunTime:0.000047s ]

[ 2020-12-10T09:15:38+08:00 ] 127.0.0.1 /admin.php/Activity/join.html
INFO: [ app_init ] --START--
INFO: Run Behavior\BuildLiteBehavior [ RunTime:0.000009s ]
INFO: [ app_init ] --END-- [ RunTime:0.000051s ]

[ 2020-12-10T09:15:40+08:00 ] 127.0.0.1 /admin.php/Activity/join/p/7.html
INFO: [ app_init ] --START--
INFO: Run Behavior\BuildLiteBehavior [ RunTime:0.000008s ]
INFO: [ app_init ] --END-- [ RunTime:0.000037s ]

[ 2020-12-10T09:26:43+08:00 ] 127.0.0.1 /admin.php/Activity/join/p/5.html
INFO: [ app_init ] --START--
INFO: Run Behavior\BuildLiteBehavior [ RunTime:0.000007s ]
INFO: [ app_init ] --END-- [ RunTime:0.000043s ]

[ 2020-12-10T09:26:45+08:00 ] 127.0.0.1 /admin.php/Activity/join/p/3.html
INFO: [ app_init ] --START--
INFO: Run Behavior\BuildLiteBehavior [ RunTime:0.000008s ]
INFO: [ app_init ] --END-- [ RunTime:0.000037s ]

[ 2020-12-10T09:26:46+08:00 ] 127.0.0.1 /admin.php/Activity/join/p/2.html
INFO: [ app_init ] --START--
INFO: Run Behavior\BuildLiteBehavior [ RunTime:0.000011s ]
INFO: [ app_init ] --END-- [ RunTime:0.000058s ]

[ 2020-12-10T09:27:15+08:00 ] 127.0.0.1 /admin.php/Activity/join/p/2.html
INFO: [ app_init ] --START--
INFO: Run Behavior\BuildLiteBehavior [ RunTime:0.000011s ]
INFO: [ app_init ] --END-- [ RunTime:0.000058s ]

[ 2020-12-10T09:27:20+08:00 ] 127.0.0.1 /admin.php/Activity/index.html
INFO: [ app_init ] --START--
INFO: Run Behavior\BuildLiteBehavior [ RunTime:0.000010s ]
INFO: [ app_init ] --END-- [ RunTime:0.000056s ]

[ 2020-12-10T09:27:24+08:00 ] 127.0.0.1 /admin.php/Activity/join.html
INFO: [ app_init ] --START--
INFO: Run Behavior\BuildLiteBehavior [ RunTime:0.000008s ]
INFO: [ app_init ] --END-- [ RunTime:0.000037s ]

[ 2020-12-10T09:27:25+08:00 ] 127.0.0.1 /admin.php/Activity/join/p/3.html
INFO: [ app_init ] --START--
INFO: Run Behavior\BuildLiteBehavior [ RunTime:0.000012s ]
INFO: [ app_init ] --END-- [ RunTime:0.000061s ]

[ 2020-12-10T09:27:49+08:00 ] 127.0.0.1 /admin.php/Activity/add.html
INFO: [ app_init ] --START--
INFO: Run Behavior\BuildLiteBehavior [ RunTime:0.000006s ]
INFO: [ app_init ] --END-- [ RunTime:0.000036s ]

[ 2020-12-10T09:27:50+08:00 ] 127.0.0.1 /admin.php/Activity/add
INFO: [ app_init ] --START--
INFO: Run Behavior\BuildLiteBehavior [ RunTime:0.000012s ]
INFO: [ app_init ] --END-- [ RunTime:0.000065s ]

[ 2020-12-10T09:27:50+08:00 ] 127.0.0.1 /admin.php/activity/index.html
INFO: [ app_init ] --START--
INFO: Run Behavior\BuildLiteBehavior [ RunTime:0.000007s ]
INFO: [ app_init ] --END-- [ RunTime:0.000036s ]

[ 2020-12-10T09:27:53+08:00 ] 127.0.0.1 /admin.php/Activity/add.html
INFO: [ app_init ] --START--
INFO: Run Behavior\BuildLiteBehavior [ RunTime:0.000009s ]
INFO: [ app_init ] --END-- [ RunTime:0.000042s ]

[ 2020-12-10T09:27:54+08:00 ] 127.0.0.1 /admin.php/Activity/add
INFO: [ app_init ] --START--
INFO: Run Behavior\BuildLiteBehavior [ RunTime:0.000013s ]
INFO: [ app_init ] --END-- [ RunTime:0.000057s ]

[ 2020-12-10T09:27:54+08:00 ] 127.0.0.1 /admin.php/activity/index.html
INFO: [ app_init ] --START--
INFO: Run Behavior\BuildLiteBehavior [ RunTime:0.000013s ]
INFO: [ app_init ] --END-- [ RunTime:0.000071s ]

[ 2020-12-10T09:27:56+08:00 ] 127.0.0.1 /admin.php/Activity/add.html
INFO: [ app_init ] --START--
INFO: Run Behavior\BuildLiteBehavior [ RunTime:0.000011s ]
INFO: [ app_init ] --END-- [ RunTime:0.000065s ]

[ 2020-12-10T09:27:57+08:00 ] 127.0.0.1 /admin.php/Activity/add
INFO: [ app_init ] --START--
INFO: Run Behavior\BuildLiteBehavior [ RunTime:0.000009s ]
INFO: [ app_init ] --END-- [ RunTime:0.000049s ]

[ 2020-12-10T09:27:58+08:00 ] 127.0.0.1 /admin.php/activity/index.html
INFO: [ app_init ] --START--
INFO: Run Behavior\BuildLiteBehavior [ RunTime:0.000009s ]
INFO: [ app_init ] --END-- [ RunTime:0.000046s ]

[ 2020-12-10T09:28:01+08:00 ] 127.0.0.1 /admin.php/Activity/add.html
INFO: [ app_init ] --START--
INFO: Run Behavior\BuildLiteBehavior [ RunTime:0.000010s ]
INFO: [ app_init ] --END-- [ RunTime:0.000057s ]

[ 2020-12-10T09:28:02+08:00 ] 127.0.0.1 /admin.php/Activity/add
INFO: [ app_init ] --START--
INFO: Run Behavior\BuildLiteBehavior [ RunTime:0.000020s ]
INFO: [ app_init ] --END-- [ RunTime:0.000094s ]

[ 2020-12-10T09:28:02+08:00 ] 127.0.0.1 /admin.php/activity/index.html
INFO: [ app_init ] --START--
INFO: Run Behavior\BuildLiteBehavior [ RunTime:0.000008s ]
INFO: [ app_init ] --END-- [ RunTime:0.000035s ]

[ 2020-12-10T09:28:05+08:00 ] 127.0.0.1 /admin.php/Activity/add.html
INFO: [ app_init ] --START--
INFO: Run Behavior\BuildLiteBehavior [ RunTime:0.000008s ]
INFO: [ app_init ] --END-- [ RunTime:0.000035s ]

[ 2020-12-10T09:28:06+08:00 ] 127.0.0.1 /admin.php/Activity/add
INFO: [ app_init ] --START--
INFO: Run Behavior\BuildLiteBehavior [ RunTime:0.000008s ]
INFO: [ app_init ] --END-- [ RunTime:0.000039s ]

[ 2020-12-10T09:28:06+08:00 ] 127.0.0.1 /admin.php/activity/index.html
INFO: [ app_init ] --START--
INFO: Run Behavior\BuildLiteBehavior [ RunTime:0.000009s ]
INFO: [ app_init ] --END-- [ RunTime:0.000047s ]

[ 2020-12-10T09:28:16+08:00 ] 127.0.0.1 /admin.php/Activity/add.html
INFO: [ app_init ] --START--
INFO: Run Behavior\BuildLiteBehavior [ RunTime:0.000011s ]
INFO: [ app_init ] --END-- [ RunTime:0.000064s ]

[ 2020-12-10T09:28:17+08:00 ] 127.0.0.1 /admin.php/Activity/add
INFO: [ app_init ] --START--
INFO: Run Behavior\BuildLiteBehavior [ RunTime:0.000007s ]
INFO: [ app_init ] --END-- [ RunTime:0.000037s ]

[ 2020-12-10T09:28:17+08:00 ] 127.0.0.1 /admin.php/activity/index.html
INFO: [ app_init ] --START--
INFO: Run Behavior\BuildLiteBehavior [ RunTime:0.000032s ]
INFO: [ app_init ] --END-- [ RunTime:0.000144s ]

[ 2020-12-10T09:28:19+08:00 ] 127.0.0.1 /admin.php/Activity/add.html
INFO: [ app_init ] --START--
INFO: Run Behavior\BuildLiteBehavior [ RunTime:0.000009s ]
INFO: [ app_init ] --END-- [ RunTime:0.000044s ]

[ 2020-12-10T09:28:20+08:00 ] 127.0.0.1 /admin.php/Activity/add
INFO: [ app_init ] --START--
INFO: Run Behavior\BuildLiteBehavior [ RunTime:0.000008s ]
INFO: [ app_init ] --END-- [ RunTime:0.000039s ]

[ 2020-12-10T09:28:21+08:00 ] 127.0.0.1 /admin.php/activity/index.html
INFO: [ app_init ] --START--
INFO: Run Behavior\BuildLiteBehavior [ RunTime:0.000011s ]
INFO: [ app_init ] --END-- [ RunTime:0.000047s ]

[ 2020-12-10T09:28:24+08:00 ] 127.0.0.1 /admin.php/Activity/add.html
INFO: [ app_init ] --START--
INFO: Run Behavior\BuildLiteBehavior [ RunTime:0.000010s ]
INFO: [ app_init ] --END-- [ RunTime:0.000053s ]

[ 2020-12-10T09:28:25+08:00 ] 127.0.0.1 /admin.php/Activity/add
INFO: [ app_init ] --START--
INFO: Run Behavior\BuildLiteBehavior [ RunTime:0.000006s ]
INFO: [ app_init ] --END-- [ RunTime:0.000035s ]

[ 2020-12-10T09:28:25+08:00 ] 127.0.0.1 /admin.php/activity/index.html
INFO: [ app_init ] --START--
INFO: Run Behavior\BuildLiteBehavior [ RunTime:0.000008s ]
INFO: [ app_init ] --END-- [ RunTime:0.000037s ]

[ 2020-12-10T14:49:02+08:00 ] 127.0.0.1 /admin.php/Activity/add.html
INFO: [ app_init ] --START--
INFO: Run Behavior\BuildLiteBehavior [ RunTime:0.000008s ]
INFO: [ app_init ] --END-- [ RunTime:0.000042s ]

[ 2020-12-10T14:49:04+08:00 ] 127.0.0.1 /admin.php/Login/login.html
INFO: [ app_init ] --START--
INFO: Run Behavior\BuildLiteBehavior [ RunTime:0.000007s ]
INFO: [ app_init ] --END-- [ RunTime:0.000037s ]

[ 2020-12-10T14:49:04+08:00 ] 127.0.0.1 /admin.php/Login/assets/js/jquery-2.0.3.min.js
INFO: [ app_init ] --START--
INFO: Run Behavior\BuildLiteBehavior [ RunTime:0.000009s ]
INFO: [ app_init ] --END-- [ RunTime:0.000047s ]
ERR: 非法操作:assets

[ 2020-12-10T14:49:09+08:00 ] 127.0.0.1 /admin.php/Login/login
INFO: [ app_init ] --START--
INFO: Run Behavior\BuildLiteBehavior [ RunTime:0.000007s ]
INFO: [ app_init ] --END-- [ RunTime:0.000043s ]

[ 2020-12-10T14:49:09+08:00 ] 127.0.0.1 /admin.php/Index/index.html
INFO: [ app_init ] --START--
INFO: Run Behavior\BuildLiteBehavior [ RunTime:0.000006s ]
INFO: [ app_init ] --END-- [ RunTime:0.000035s ]

[ 2020-12-10T14:49:14+08:00 ] 127.0.0.1 /admin.php/Activity/add.html
INFO: [ app_init ] --START--
INFO: Run Behavior\BuildLiteBehavior [ RunTime:0.000007s ]
INFO: [ app_init ] --END-- [ RunTime:0.000037s ]

[ 2020-12-10T14:49:17+08:00 ] 127.0.0.1 /admin.php/Activity/join.html
INFO: [ app_init ] --START--
INFO: Run Behavior\BuildLiteBehavior [ RunTime:0.000009s ]
INFO: [ app_init ] --END-- [ RunTime:0.000053s ]

[ 2020-12-10T14:49:21+08:00 ] 127.0.0.1 /admin.php/Activity/index.html
INFO: [ app_init ] --START--
INFO: Run Behavior\BuildLiteBehavior [ RunTime:0.000009s ]
INFO: [ app_init ] --END-- [ RunTime:0.000039s ]

[ 2020-12-10T14:49:26+08:00 ] 127.0.0.1 /admin.php/Activity/add.html
INFO: [ app_init ] --START--
INFO: Run Behavior\BuildLiteBehavior [ RunTime:0.000007s ]
INFO: [ app_init ] --END-- [ RunTime:0.000036s ]

[ 2020-12-10T14:53:52+08:00 ] 127.0.0.1 /admin.php/Activity/add
INFO: [ app_init ] --START--
INFO: Run Behavior\BuildLiteBehavior [ RunTime:0.000008s ]
INFO: [ app_init ] --END-- [ RunTime:0.000041s ]

[ 2020-12-10T14:53:52+08:00 ] 127.0.0.1 /admin.php/activity/index.html
INFO: [ app_init ] --START--
INFO: Run Behavior\BuildLiteBehavior [ RunTime:0.000006s ]
INFO: [ app_init ] --END-- [ RunTime:0.000034s ]

[ 2020-12-10T14:54:15+08:00 ] 127.0.0.1 /admin.php/Activity/add.html
INFO: [ app_init ] --START--
INFO: Run Behavior\BuildLiteBehavior [ RunTime:0.000007s ]
INFO: [ app_init ] --END-- [ RunTime:0.000037s ]

[ 2020-12-10T14:54:24+08:00 ] 127.0.0.1 /admin.php/Activity/add
INFO: [ app_init ] --START--
INFO: Run Behavior\BuildLiteBehavior [ RunTime:0.000007s ]
INFO: [ app_init ] --END-- [ RunTime:0.000037s ]

[ 2020-12-10T14:54:24+08:00 ] 127.0.0.1 /admin.php/activity/index.html
INFO: [ app_init ] --START--
INFO: Run Behavior\BuildLiteBehavior [ RunTime:0.000006s ]
INFO: [ app_init ] --END-- [ RunTime:0.000033s ]

[ 2020-12-10T14:54:53+08:00 ] 127.0.0.1 /admin.php/activity/index.html
INFO: [ app_init ] --START--
INFO: Run Behavior\BuildLiteBehavior [ RunTime:0.000007s ]
INFO: [ app_init ] --END-- [ RunTime:0.000034s ]

[ 2020-12-10T14:54:59+08:00 ] 127.0.0.1 /admin.php/Activity/add.html
INFO: [ app_init ] --START--
INFO: Run Behavior\BuildLiteBehavior [ RunTime:0.000008s ]
INFO: [ app_init ] --END-- [ RunTime:0.000037s ]

[ 2020-12-10T14:55:24+08:00 ] 127.0.0.1 /admin.php/Activity/add
INFO: [ app_init ] --START--
INFO: Run Behavior\BuildLiteBehavior [ RunTime:0.000007s ]
INFO: [ app_init ] --END-- [ RunTime:0.000039s ]

[ 2020-12-10T14:55:24+08:00 ] 127.0.0.1 /admin.php/activity/index.html
INFO: [ app_init ] --START--
INFO: Run Behavior\BuildLiteBehavior [ RunTime:0.000008s ]
INFO: [ app_init ] --END-- [ RunTime:0.000054s ]

[ 2020-12-10T14:55:25+08:00 ] 127.0.0.1 /admin.php/Activity/index/p/2.html
INFO: [ app_init ] --START--
INFO: Run Behavior\BuildLiteBehavior [ RunTime:0.000007s ]
INFO: [ app_init ] --END-- [ RunTime:0.000040s ]

[ 2020-12-10T14:55:42+08:00 ] 127.0.0.1 /admin.php/Activity/join.html
INFO: [ app_init ] --START--
INFO: Run Behavior\BuildLiteBehavior [ RunTime:0.000007s ]
INFO: [ app_init ] --END-- [ RunTime:0.000039s ]

[ 2020-12-10T14:55:49+08:00 ] 127.0.0.1 /admin.php/Activity/index.html
INFO: [ app_init ] --START--
INFO: Run Behavior\BuildLiteBehavior [ RunTime:0.000007s ]
INFO: [ app_init ] --END-- [ RunTime:0.000034s ]

[ 2020-12-10T14:55:58+08:00 ] 127.0.0.1 /admin.php/Activity/del/activityid/43
INFO: [ app_init ] --START--
INFO: Run Behavior\BuildLiteBehavior [ RunTime:0.000007s ]
INFO: [ app_init ] --END-- [ RunTime:0.000036s ]

[ 2020-12-10T14:55:59+08:00 ] 127.0.0.1 /admin.php/Activity/index.html
INFO: [ app_init ] --START--
INFO: Run Behavior\BuildLiteBehavior [ RunTime:0.000006s ]
INFO: [ app_init ] --END-- [ RunTime:0.000035s ]

[ 2020-12-10T14:56:03+08:00 ] 127.0.0.1 /admin.php/Activity/del/activityid/44
INFO: [ app_init ] --START--
INFO: Run Behavior\BuildLiteBehavior [ RunTime:0.000007s ]
INFO: [ app_init ] --END-- [ RunTime:0.000036s ]

[ 2020-12-10T14:56:03+08:00 ] 127.0.0.1 /admin.php/Activity/index.html
INFO: [ app_init ] --START--
INFO: Run Behavior\BuildLiteBehavior [ RunTime:0.000007s ]
INFO: [ app_init ] --END-- [ RunTime:0.000035s ]

[ 2020-12-10T14:57:12+08:00 ] 127.0.0.1 /admin.php/Activity/add.html
INFO: [ app_init ] --START--
INFO: Run Behavior\BuildLiteBehavior [ RunTime:0.000007s ]
INFO: [ app_init ] --END-- [ RunTime:0.000038s ]

[ 2020-12-10T14:57:16+08:00 ] 127.0.0.1 /admin.php/Activity/join.html
INFO: [ app_init ] --START--
INFO: Run Behavior\BuildLiteBehavior [ RunTime:0.000007s ]
INFO: [ app_init ] --END-- [ RunTime:0.000034s ]

[ 2020-12-10T14:57:19+08:00 ] 127.0.0.1 /admin.php/Activity/index.html
INFO: [ app_init ] --START--
INFO: Run Behavior\BuildLiteBehavior [ RunTime:0.000007s ]
INFO: [ app_init ] --END-- [ RunTime:0.000038s ]

[ 2020-12-10T14:57:26+08:00 ] 127.0.0.1 /admin.php/Activity/del/activityid/11
INFO: [ app_init ] --START--
INFO: Run Behavior\BuildLiteBehavior [ RunTime:0.000010s ]
INFO: [ app_init ] --END-- [ RunTime:0.000054s ]

[ 2020-12-10T14:57:26+08:00 ] 127.0.0.1 /admin.php/Activity/index.html
INFO: [ app_init ] --START--
INFO: Run Behavior\BuildLiteBehavior [ RunTime:0.000009s ]
INFO: [ app_init ] --END-- [ RunTime:0.000050s ]

[ 2020-12-10T14:57:27+08:00 ] 127.0.0.1 /admin.php/Activity/del/activityid/33
INFO: [ app_init ] --START--
INFO: Run Behavior\BuildLiteBehavior [ RunTime:0.000007s ]
INFO: [ app_init ] --END-- [ RunTime:0.000035s ]

[ 2020-12-10T14:57:28+08:00 ] 127.0.0.1 /admin.php/Activity/index.html
INFO: [ app_init ] --START--
INFO: Run Behavior\BuildLiteBehavior [ RunTime:0.000007s ]
INFO: [ app_init ] --END-- [ RunTime:0.000037s ]

[ 2020-12-10T15:32:03+08:00 ] 127.0.0.1 /admin.php/Activity/index.html
INFO: [ app_init ] --START--
INFO: Run Behavior\BuildLiteBehavior [ RunTime:0.000007s ]
INFO: [ app_init ] --END-- [ RunTime:0.000037s ]

[ 2020-12-10T15:32:05+08:00 ] 127.0.0.1 /admin.php/Activity/index.html
INFO: [ app_init ] --START--
INFO: Run Behavior\BuildLiteBehavior [ RunTime:0.000007s ]
INFO: [ app_init ] --END-- [ RunTime:0.000034s ]

[ 2020-12-10T15:32:07+08:00 ] 127.0.0.1 /admin.php/Activity/del/activityid/%7B_SEESION.id%7D
INFO: [ app_init ] --START--
INFO: Run Behavior\BuildLiteBehavior [ RunTime:0.000006s ]
INFO: [ app_init ] --END-- [ RunTime:0.000035s ]

[ 2020-12-10T17:05:05+08:00 ] 127.0.0.1 /admin.php/Activity/index.html
INFO: [ app_init ] --START--
INFO: Run Behavior\BuildLiteBehavior [ RunTime:0.000013s ]
INFO: [ app_init ] --END-- [ RunTime:0.000062s ]

[ 2020-12-10T17:05:08+08:00 ] 127.0.0.1 /admin.php/Activity/join.html
INFO: [ app_init ] --START--
INFO: Run Behavior\BuildLiteBehavior [ RunTime:0.000007s ]
INFO: [ app_init ] --END-- [ RunTime:0.000035s ]

[ 2020-12-10T17:05:10+08:00 ] 127.0.0.1 /admin.php/Activity/join.html
INFO: [ app_init ] --START--
INFO: Run Behavior\BuildLiteBehavior [ RunTime:0.000015s ]
INFO: [ app_init ] --END-- [ RunTime:0.000073s ]

[ 2020-12-10T17:05:11+08:00 ] 127.0.0.1 /admin.php/Activity/join/p/2.html
INFO: [ app_init ] --START--
INFO: Run Behavior\BuildLiteBehavior [ RunTime:0.000007s ]
INFO: [ app_init ] --END-- [ RunTime:0.000040s ]

[ 2020-12-10T17:15:59+08:00 ] 127.0.0.1 /admin.php
INFO: [ app_init ] --START--
INFO: Run Behavior\BuildLiteBehavior [ RunTime:0.000008s ]
INFO: [ app_init ] --END-- [ RunTime:0.000038s ]

[ 2020-12-10T17:16:13+08:00 ] 127.0.0.1 /admin.php/Type/index.html
INFO: [ app_init ] --START--
INFO: Run Behavior\BuildLiteBehavior [ RunTime:0.000006s ]
INFO: [ app_init ] --END-- [ RunTime:0.000040s ]

[ 2020-12-10T17:16:22+08:00 ] 127.0.0.1 /admin.php/Type/add_parent
INFO: [ app_init ] --START--
INFO: Run Behavior\BuildLiteBehavior [ RunTime:0.000008s ]
INFO: [ app_init ] --END-- [ RunTime:0.000046s ]

[ 2020-12-10T17:16:26+08:00 ] 127.0.0.1 /admin.php/Video/index.html
INFO: [ app_init ] --START--
INFO: Run Behavior\BuildLiteBehavior [ RunTime:0.000006s ]
INFO: [ app_init ] --END-- [ RunTime:0.000035s ]

[ 2020-12-10T17:16:40+08:00 ] 127.0.0.1 /admin.php/Type/index.html
INFO: [ app_init ] --START--
INFO: Run Behavior\BuildLiteBehavior [ RunTime:0.000017s ]
INFO: [ app_init ] --END-- [ RunTime:0.000153s ]

[ 2020-12-10T17:18:01+08:00 ] 127.0.0.1 /admin.php/Teacher/index.html
INFO: [ app_init ] --START--
INFO: Run Behavior\BuildLiteBehavior [ RunTime:0.000006s ]
INFO: [ app_init ] --END-- [ RunTime:0.000037s ]

[ 2020-12-10T17:18:06+08:00 ] 127.0.0.1 /admin.php/Course/index.html
INFO: [ app_init ] --START--
INFO: Run Behavior\BuildLiteBehavior [ RunTime:0.000008s ]
INFO: [ app_init ] --END-- [ RunTime:0.000047s ]

[ 2020-12-10T17:18:08+08:00 ] 127.0.0.1 /admin.php/Course/index/p/2.html
INFO: [ app_init ] --START--
INFO: Run Behavior\BuildLiteBehavior [ RunTime:0.000006s ]
INFO: [ app_init ] --END-- [ RunTime:0.000034s ]

[ 2020-12-10T17:18:09+08:00 ] 127.0.0.1 /admin.php/Course/index/p/1.html
INFO: [ app_init ] --START--
INFO: Run Behavior\BuildLiteBehavior [ RunTime:0.000006s ]
INFO: [ app_init ] --END-- [ RunTime:0.000035s ]

[ 2020-12-10T17:18:10+08:00 ] 127.0.0.1 /admin.php/Course/index/p/4.html
INFO: [ app_init ] --START--
INFO: Run Behavior\BuildLiteBehavior [ RunTime:0.000007s ]
INFO: [ app_init ] --END-- [ RunTime:0.000037s ]

[ 2020-12-10T17:18:13+08:00 ] 127.0.0.1 /admin.php/Course/index/p/3.html
INFO: [ app_init ] --START--
INFO: Run Behavior\BuildLiteBehavior [ RunTime:0.000007s ]
INFO: [ app_init ] --END-- [ RunTime:0.000058s ]

[ 2020-12-10T17:18:16+08:00 ] 127.0.0.1 /admin.php/Course/index/p/2.html
INFO: [ app_init ] --START--
INFO: Run Behavior\BuildLiteBehavior [ RunTime:0.000013s ]
INFO: [ app_init ] --END-- [ RunTime:0.000077s ]

[ 2020-12-10T17:18:17+08:00 ] 127.0.0.1 /admin.php/Course/index/p/1.html
INFO: [ app_init ] --START--
INFO: Run Behavior\BuildLiteBehavior [ RunTime:0.000007s ]
INFO: [ app_init ] --END-- [ RunTime:0.000036s ]

[ 2020-12-10T17:18:19+08:00 ] 127.0.0.1 /admin.php/Course/index.html
INFO: [ app_init ] --START--
INFO: Run Behavior\BuildLiteBehavior [ RunTime:0.000006s ]
INFO: [ app_init ] --END-- [ RunTime:0.000046s ]

[ 2020-12-10T17:25:49+08:00 ] 127.0.0.1 /admin.php/Course/index.html
INFO: [ app_init ] --START--
INFO: Run Behavior\BuildLiteBehavior [ RunTime:0.000006s ]
INFO: [ app_init ] --END-- [ RunTime:0.000035s ]

[ 2020-12-10T17:25:50+08:00 ] 127.0.0.1 /admin.php/Course/index/p/2.html
INFO: [ app_init ] --START--
INFO: Run Behavior\BuildLiteBehavior [ RunTime:0.000007s ]
INFO: [ app_init ] --END-- [ RunTime:0.000035s ]

[ 2020-12-10T17:25:52+08:00 ] 127.0.0.1 /admin.php/Course/index/p/3.html
INFO: [ app_init ] --START--
INFO: Run Behavior\BuildLiteBehavior [ RunTime:0.000007s ]
INFO: [ app_init ] --END-- [ RunTime:0.000035s ]

[ 2020-12-10T17:26:54+08:00 ] 127.0.0.1 /admin.php/Course/index/p/2.html
INFO: [ app_init ] --START--
INFO: Run Behavior\BuildLiteBehavior [ RunTime:0.000009s ]
INFO: [ app_init ] --END-- [ RunTime:0.000060s ]

[ 2020-12-10T17:26:57+08:00 ] 127.0.0.1 /admin.php/Course/index/p/1.html
INFO: [ app_init ] --START--
INFO: Run Behavior\BuildLiteBehavior [ RunTime:0.000008s ]
INFO: [ app_init ] --END-- [ RunTime:0.000038s ]

[ 2020-12-10T17:35:50+08:00 ] 127.0.0.1 /admin.php/Course/index.html
INFO: [ app_init ] --START--
INFO: Run Behavior\BuildLiteBehavior [ RunTime:0.000007s ]
INFO: [ app_init ] --END-- [ RunTime:0.000040s ]

[ 2020-12-10T17:35:52+08:00 ] 127.0.0.1 /admin.php/Course/index.html
INFO: [ app_init ] --START--
INFO: Run Behavior\BuildLiteBehavior [ RunTime:0.000007s ]
INFO: [ app_init ] --END-- [ RunTime:0.000036s ]

[ 2020-12-10T17:35:55+08:00 ] 127.0.0.1 /admin.php/Course/add.html
INFO: [ app_init ] --START--
INFO: Run Behavior\BuildLiteBehavior [ RunTime:0.000007s ]
INFO: [ app_init ] --END-- [ RunTime:0.000040s ]

[ 2020-12-10T17:36:03+08:00 ] 127.0.0.1 /admin.php/Course/index.html
INFO: [ app_init ] --START--
INFO: Run Behavior\BuildLiteBehavior [ RunTime:0.000007s ]
INFO: [ app_init ] --END-- [ RunTime:0.000038s ]

[ 2020-12-10T17:52:55+08:00 ] 127.0.0.1 /admin.php/Course/add.html
INFO: [ app_init ] --START--
INFO: Run Behavior\BuildLiteBehavior [ RunTime:0.000006s ]
INFO: [ app_init ] --END-- [ RunTime:0.000036s ]

[ 2020-12-10T17:53:12+08:00 ] 127.0.0.1 /admin.php/Course/index.html
INFO: [ app_init ] --START--
INFO: Run Behavior\BuildLiteBehavior [ RunTime:0.000007s ]
INFO: [ app_init ] --END-- [ RunTime:0.000037s ]

[ 2020-12-10T17:54:06+08:00 ] 127.0.0.1 /admin.php/Course/index.html
INFO: [ app_init ] --START--
INFO: Run Behavior\BuildLiteBehavior [ RunTime:0.000007s ]
INFO: [ app_init ] --END-- [ RunTime:0.000036s ]

[ 2020-12-10T17:54:08+08:00 ] 127.0.0.1 /admin.php/Course/index.html
INFO: [ app_init ] --START--
INFO: Run Behavior\BuildLiteBehavior [ RunTime:0.000012s ]
INFO: [ app_init ] --END-- [ RunTime:0.000058s ]

[ 2020-12-10T17:54:09+08:00 ] 127.0.0.1 /admin.php/News/add.html
INFO: [ app_init ] --START--
INFO: Run Behavior\BuildLiteBehavior [ RunTime:0.000007s ]
INFO: [ app_init ] --END-- [ RunTime:0.000039s ]

[ 2020-12-10T17:54:11+08:00 ] 127.0.0.1 /admin.php/Course/add.html
INFO: [ app_init ] --START--
INFO: Run Behavior\BuildLiteBehavior [ RunTime:0.000007s ]
INFO: [ app_init ] --END-- [ RunTime:0.000037s ]

[ 2020-12-10T17:54:35+08:00 ] 127.0.0.1 /admin.php/Config/index.html
INFO: [ app_init ] --START--
INFO: Run Behavior\BuildLiteBehavior [ RunTime:0.000007s ]
INFO: [ app_init ] --END-- [ RunTime:0.000040s ]

[ 2020-12-10T17:54:41+08:00 ] 127.0.0.1 /admin.php/Advice/index.html
INFO: [ app_init ] --START--
INFO: Run Behavior\BuildLiteBehavior [ RunTime:0.000033s ]
INFO: [ app_init ] --END-- [ RunTime:0.000169s ]

[ 2020-12-10T17:54:43+08:00 ] 127.0.0.1 /admin.php/Download/index
INFO: [ app_init ] --START--
INFO: Run Behavior\BuildLiteBehavior [ RunTime:0.000008s ]
INFO: [ app_init ] --END-- [ RunTime:0.000042s ]

[ 2020-12-10T17:54:50+08:00 ] 127.0.0.1 /admin.php/Download/index/p/3.html
INFO: [ app_init ] --START--
INFO: Run Behavior\BuildLiteBehavior [ RunTime:0.000007s ]
INFO: [ app_init ] --END-- [ RunTime:0.000035s ]

[ 2020-12-10T17:54:52+08:00 ] 127.0.0.1 /admin.php
INFO: [ app_init ] --START--
INFO: Run Behavior\BuildLiteBehavior [ RunTime:0.000006s ]
INFO: [ app_init ] --END-- [ RunTime:0.000033s ]

[ 2020-12-10T17:54:55+08:00 ] 127.0.0.1 /admin.php
INFO: [ app_init ] --START--
INFO: Run Behavior\BuildLiteBehavior [ RunTime:0.000009s ]
INFO: [ app_init ] --END-- [ RunTime:0.000057s ]

[ 2020-12-10T17:54:59+08:00 ] 127.0.0.1 /admin.php/User/index.html
INFO: [ app_init ] --START--
INFO: Run Behavior\BuildLiteBehavior [ RunTime:0.000015s ]
INFO: [ app_init ] --END-- [ RunTime:0.000065s ]

[ 2020-12-10T17:55:01+08:00 ] 127.0.0.1 /admin.php/User/index/p/2.html
INFO: [ app_init ] --START--
INFO: Run Behavior\BuildLiteBehavior [ RunTime:0.000008s ]
INFO: [ app_init ] --END-- [ RunTime:0.000040s ]

[ 2020-12-10T17:55:04+08:00 ] 127.0.0.1 /admin.php/User/add.html
INFO: [ app_init ] --START--
INFO: Run Behavior\BuildLiteBehavior [ RunTime:0.000007s ]
INFO: [ app_init ] --END-- [ RunTime:0.000041s ]

[ 2020-12-10T18:06:28+08:00 ] 127.0.0.1 /admin.php/Activity/join.html
INFO: [ app_init ] --START--
INFO: Run Behavior\BuildLiteBehavior [ RunTime:0.000007s ]
INFO: [ app_init ] --END-- [ RunTime:0.000037s ]

[ 2020-12-10T18:06:29+08:00 ] 127.0.0.1 /admin.php/Activity/deljoin/joinid/54
INFO: [ app_init ] --START--
INFO: Run Behavior\BuildLiteBehavior [ RunTime:0.000007s ]
INFO: [ app_init ] --END-- [ RunTime:0.000046s ]

[ 2020-12-10T18:06:34+08:00 ] 127.0.0.1 /admin.php/Activity/deljoin/joinid/53
INFO: [ app_init ] --START--
INFO: Run Behavior\BuildLiteBehavior [ RunTime:0.000010s ]
INFO: [ app_init ] --END-- [ RunTime:0.000058s ]

[ 2020-12-10T18:06:43+08:00 ] 127.0.0.1 /admin.php/Activity/join/p/2.html
INFO: [ app_init ] --START--
INFO: Run Behavior\BuildLiteBehavior [ RunTime:0.000007s ]
INFO: [ app_init ] --END-- [ RunTime:0.000034s ]

[ 2020-12-10T18:09:27+08:00 ] 127.0.0.1 /admin.php/Activity/join/p/2.html
INFO: [ app_init ] --START--
INFO: Run Behavior\BuildLiteBehavior [ RunTime:0.000014s ]
INFO: [ app_init ] --END-- [ RunTime:0.000061s ]

[ 2020-12-10T18:09:28+08:00 ] 127.0.0.1 /admin.php/Activity/deljoin/joinid/57
INFO: [ app_init ] --START--
INFO: Run Behavior\BuildLiteBehavior [ RunTime:0.000007s ]
INFO: [ app_init ] --END-- [ RunTime:0.000036s ]

[ 2020-12-10T18:09:29+08:00 ] 127.0.0.1 /admin.php/Activity/join.html
INFO: [ app_init ] --START--
INFO: Run Behavior\BuildLiteBehavior [ RunTime:0.000007s ]
INFO: [ app_init ] --END-- [ RunTime:0.000033s ]

[ 2020-12-10T18:09:30+08:00 ] 127.0.0.1 /admin.php/Activity/deljoin/joinid/55
INFO: [ app_init ] --START--
INFO: Run Behavior\BuildLiteBehavior [ RunTime:0.000007s ]
INFO: [ app_init ] --END-- [ RunTime:0.000035s ]

[ 2020-12-10T18:09:30+08:00 ] 127.0.0.1 /admin.php/Activity/join.html
INFO: [ app_init ] --START--
INFO: Run Behavior\BuildLiteBehavior [ RunTime:0.000009s ]
INFO: [ app_init ] --END-- [ RunTime:0.000042s ]

[ 2020-12-10T18:09:31+08:00 ] 127.0.0.1 /admin.php/Activity/deljoin/joinid/54
INFO: [ app_init ] --START--
INFO: Run Behavior\BuildLiteBehavior [ RunTime:0.000010s ]
INFO: [ app_init ] --END-- [ RunTime:0.000052s ]

[ 2020-12-10T18:09:31+08:00 ] 127.0.0.1 /admin.php/Activity/join.html
INFO: [ app_init ] --START--
INFO: Run Behavior\BuildLiteBehavior [ RunTime:0.000007s ]
INFO: [ app_init ] --END-- [ RunTime:0.000038s ]

[ 2020-12-10T18:09:31+08:00 ] 127.0.0.1 /admin.php/Activity/deljoin/joinid/53
INFO: [ app_init ] --START--
INFO: Run Behavior\BuildLiteBehavior [ RunTime:0.000007s ]
INFO: [ app_init ] --END-- [ RunTime:0.000038s ]

[ 2020-12-10T18:09:32+08:00 ] 127.0.0.1 /admin.php/Activity/join.html
INFO: [ app_init ] --START--
INFO: Run Behavior\BuildLiteBehavior [ RunTime:0.000007s ]
INFO: [ app_init ] --END-- [ RunTime:0.000034s ]

[ 2020-12-10T18:15:00+08:00 ] 127.0.0.1 /admin.php/Activity/join.html
INFO: [ app_init ] --START--
INFO: Run Behavior\BuildLiteBehavior [ RunTime:0.000008s ]
INFO: [ app_init ] --END-- [ RunTime:0.000043s ]

[ 2020-12-10T18:15:02+08:00 ] 127.0.0.1 /admin.php/Activity/index.html
INFO: [ app_init ] --START--
INFO: Run Behavior\BuildLiteBehavior [ RunTime:0.000007s ]
INFO: [ app_init ] --END-- [ RunTime:0.000036s ]

[ 2020-12-10T18:15:10+08:00 ] 127.0.0.1 /admin.php/Activity/join.html
INFO: [ app_init ] --START--
INFO: Run Behavior\BuildLiteBehavior [ RunTime:0.000008s ]
INFO: [ app_init ] --END-- [ RunTime:0.000047s ]

[ 2020-12-10T18:15:11+08:00 ] 127.0.0.1 /admin.php/Activity/deljoin/joinid/62
INFO: [ app_init ] --START--
INFO: Run Behavior\BuildLiteBehavior [ RunTime:0.000013s ]
INFO: [ app_init ] --END-- [ RunTime:0.000057s ]

[ 2020-12-10T18:15:11+08:00 ] 127.0.0.1 /admin.php/Activity/join.html
INFO: [ app_init ] --START--
INFO: Run Behavior\BuildLiteBehavior [ RunTime:0.000007s ]
INFO: [ app_init ] --END-- [ RunTime:0.000036s ]

[ 2020-12-10T18:15:12+08:00 ] 127.0.0.1 /admin.php/Activity/deljoin/joinid/52
INFO: [ app_init ] --START--
INFO: Run Behavior\BuildLiteBehavior [ RunTime:0.000006s ]
INFO: [ app_init ] --END-- [ RunTime:0.000034s ]

[ 2020-12-10T18:15:12+08:00 ] 127.0.0.1 /admin.php/Activity/join.html
INFO: [ app_init ] --START--
INFO: Run Behavior\BuildLiteBehavior [ RunTime:0.000007s ]
INFO: [ app_init ] --END-- [ RunTime:0.000048s ]

[ 2020-12-10T18:15:15+08:00 ] 127.0.0.1 /admin.php/Activity/add.html
INFO: [ app_init ] --START--
INFO: Run Behavior\BuildLiteBehavior [ RunTime:0.000008s ]
INFO: [ app_init ] --END-- [ RunTime:0.000037s ]

[ 2020-12-10T18:15:26+08:00 ] 127.0.0.1 /admin.php/Activity/add
INFO: [ app_init ] --START--
INFO: Run Behavior\BuildLiteBehavior [ RunTime:0.000009s ]
INFO: [ app_init ] --END-- [ RunTime:0.000059s ]

[ 2020-12-10T18:15:26+08:00 ] 127.0.0.1 /admin.php/activity/index.html
INFO: [ app_init ] --START--
INFO: Run Behavior\BuildLiteBehavior [ RunTime:0.000007s ]
INFO: [ app_init ] --END-- [ RunTime:0.000042s ]

[ 2020-12-10T18:15:29+08:00 ] 127.0.0.1 /admin.php/Activity/del/activityid/42
INFO: [ app_init ] --START--
INFO: Run Behavior\BuildLiteBehavior [ RunTime:0.000011s ]
INFO: [ app_init ] --END-- [ RunTime:0.000063s ]

[ 2020-12-10T18:15:29+08:00 ] 127.0.0.1 /admin.php/Activity/index.html
INFO: [ app_init ] --START--
INFO: Run Behavior\BuildLiteBehavior [ RunTime:0.000006s ]
INFO: [ app_init ] --END-- [ RunTime:0.000036s ]

[ 2020-12-10T20:49:19+08:00 ] 127.0.0.1 /admin.php/Activity/add.html
INFO: [ app_init ] --START--
INFO: Run Behavior\BuildLiteBehavior [ RunTime:0.000010s ]
INFO: [ app_init ] --END-- [ RunTime:0.000051s ]

[ 2020-12-10T20:49:20+08:00 ] 127.0.0.1 /admin.php/Login/login.html
INFO: [ app_init ] --START--
INFO: Run Behavior\BuildLiteBehavior [ RunTime:0.000007s ]
INFO: [ app_init ] --END-- [ RunTime:0.000035s ]

[ 2020-12-10T20:49:20+08:00 ] 127.0.0.1 /admin.php/Login/assets/js/jquery-2.0.3.min.js
INFO: [ app_init ] --START--
INFO: Run Behavior\BuildLiteBehavior [ RunTime:0.000016s ]
INFO: [ app_init ] --END-- [ RunTime:0.000077s ]
ERR: 非法操作:assets

[ 2020-12-10T20:49:23+08:00 ] 127.0.0.1 /admin.php/Login/login
INFO: [ app_init ] --START--
INFO: Run Behavior\BuildLiteBehavior [ RunTime:0.000007s ]
INFO: [ app_init ] --END-- [ RunTime:0.000032s ]

[ 2020-12-10T20:49:23+08:00 ] 127.0.0.1 /admin.php/Index/index.html
INFO: [ app_init ] --START--
INFO: Run Behavior\BuildLiteBehavior [ RunTime:0.000008s ]
INFO: [ app_init ] --END-- [ RunTime:0.000040s ]

[ 2020-12-10T20:49:26+08:00 ] 127.0.0.1 /admin.php/Activity/index.html
INFO: [ app_init ] --START--
INFO: Run Behavior\BuildLiteBehavior [ RunTime:0.000007s ]
INFO: [ app_init ] --END-- [ RunTime:0.000037s ]

[ 2020-12-10T20:49:29+08:00 ] 127.0.0.1 /admin.php/Activity/join.html
INFO: [ app_init ] --START--
INFO: Run Behavior\BuildLiteBehavior [ RunTime:0.000006s ]
INFO: [ app_init ] --END-- [ RunTime:0.000035s ]

[ 2020-12-10T20:49:31+08:00 ] 127.0.0.1 /admin.php/Activity/deljoin/joinid/56
INFO: [ app_init ] --START--
INFO: Run Behavior\BuildLiteBehavior [ RunTime:0.000010s ]
INFO: [ app_init ] --END-- [ RunTime:0.000050s ]

[ 2020-12-10T20:49:31+08:00 ] 127.0.0.1 /admin.php/Activity/join.html
INFO: [ app_init ] --START--
INFO: Run Behavior\BuildLiteBehavior [ RunTime:0.000006s ]
INFO: [ app_init ] --END-- [ RunTime:0.000032s ]

[ 2020-12-10T20:49:34+08:00 ] 127.0.0.1 /admin.php/Activity/add.html
INFO: [ app_init ] --START--
INFO: Run Behavior\BuildLiteBehavior [ RunTime:0.000007s ]
INFO: [ app_init ] --END-- [ RunTime:0.000034s ]

[ 2020-12-10T20:49:37+08:00 ] 127.0.0.1 /admin.php/Activity/join.html
INFO: [ app_init ] --START--
INFO: Run Behavior\BuildLiteBehavior [ RunTime:0.000007s ]
INFO: [ app_init ] --END-- [ RunTime:0.000035s ]

[ 2020-12-10T20:50:05+08:00 ] 127.0.0.1 /admin.php/Activity/join.html
INFO: [ app_init ] --START--
INFO: Run Behavior\BuildLiteBehavior [ RunTime:0.000008s ]
INFO: [ app_init ] --END-- [ RunTime:0.000040s ]

[ 2020-12-10T20:50:06+08:00 ] 127.0.0.1 /admin.php/Activity/deljoin/joinid/58
INFO: [ app_init ] --START--
INFO: Run Behavior\BuildLiteBehavior [ RunTime:0.000012s ]
INFO: [ app_init ] --END-- [ RunTime:0.000065s ]

[ 2020-12-10T20:55:44+08:00 ] 127.0.0.1 /admin.php/Activity/join.html
INFO: [ app_init ] --START--
INFO: Run Behavior\BuildLiteBehavior [ RunTime:0.000007s ]
INFO: [ app_init ] --END-- [ RunTime:0.000042s ]

[ 2020-12-10T20:55:45+08:00 ] 127.0.0.1 /admin.php/Activity/deljoin/joinid/33
INFO: [ app_init ] --START--
INFO: Run Behavior\BuildLiteBehavior [ RunTime:0.000007s ]
INFO: [ app_init ] --END-- [ RunTime:0.000035s ]

[ 2020-12-10T20:55:46+08:00 ] 127.0.0.1 /admin.php/Activity/join.html
INFO: [ app_init ] --START--
INFO: Run Behavior\BuildLiteBehavior [ RunTime:0.000008s ]
INFO: [ app_init ] --END-- [ RunTime:0.000036s ]

[ 2020-12-10T20:55:49+08:00 ] 127.0.0.1 /admin.php/Activity/join.html
INFO: [ app_init ] --START--
INFO: Run Behavior\BuildLiteBehavior [ RunTime:0.000019s ]
INFO: [ app_init ] --END-- [ RunTime:0.000075s ]

[ 2020-12-10T20:55:50+08:00 ] 127.0.0.1 /admin.php/Activity/join.html
INFO: [ app_init ] --START--
INFO: Run Behavior\BuildLiteBehavior [ RunTime:0.000010s ]
INFO: [ app_init ] --END-- [ RunTime:0.000060s ]

[ 2020-12-10T20:55:50+08:00 ] 127.0.0.1 /admin.php/Activity/join.html
INFO: [ app_init ] --START--
INFO: Run Behavior\BuildLiteBehavior [ RunTime:0.000014s ]
INFO: [ app_init ] --END-- [ RunTime:0.000058s ]

[ 2020-12-10T20:55:51+08:00 ] 127.0.0.1 /admin.php/Activity/deljoin/joinid/33
INFO: [ app_init ] --START--
INFO: Run Behavior\BuildLiteBehavior [ RunTime:0.000017s ]
INFO: [ app_init ] --END-- [ RunTime:0.000090s ]

[ 2020-12-10T20:55:55+08:00 ] 127.0.0.1 /admin.php/Activity/join.html
INFO: [ app_init ] --START--
INFO: Run Behavior\BuildLiteBehavior [ RunTime:0.000007s ]
INFO: [ app_init ] --END-- [ RunTime:0.000034s ]

[ 2020-12-10T20:55:58+08:00 ] 127.0.0.1 /admin.php/Activity/deljoin/joinid/33
INFO: [ app_init ] --START--
INFO: Run Behavior\BuildLiteBehavior [ RunTime:0.000007s ]
INFO: [ app_init ] --END-- [ RunTime:0.000041s ]

[ 2020-12-10T20:56:23+08:00 ] 127.0.0.1 /admin.php/Activity/deljoin/joinid/33
INFO: [ app_init ] --START--
INFO: Run Behavior\BuildLiteBehavior [ RunTime:0.000006s ]
INFO: [ app_init ] --END-- [ RunTime:0.000034s ]

[ 2020-12-10T20:56:26+08:00 ] 127.0.0.1 /admin.php/Activity/deljoin/joinid/33
INFO: [ app_init ] --START--
INFO: Run Behavior\BuildLiteBehavior [ RunTime:0.000006s ]
INFO: [ app_init ] --END-- [ RunTime:0.000036s ]

[ 2020-12-10T20:56:28+08:00 ] 127.0.0.1 /admin.php/Activity/deljoin/joinid/33
INFO: [ app_init ] --START--
INFO: Run Behavior\BuildLiteBehavior [ RunTime:0.000033s ]
INFO: [ app_init ] --END-- [ RunTime:0.000176s ]

[ 2020-12-10T20:57:19+08:00 ] 127.0.0.1 /admin.php/Activity/join.html
INFO: [ app_init ] --START--
INFO: Run Behavior\BuildLiteBehavior [ RunTime:0.000006s ]
INFO: [ app_init ] --END-- [ RunTime:0.000034s ]

[ 2020-12-10T20:57:41+08:00 ] 127.0.0.1 /admin.php/Activity/join.html
INFO: [ app_init ] --START--
INFO: Run Behavior\BuildLiteBehavior [ RunTime:0.000007s ]
INFO: [ app_init ] --END-- [ RunTime:0.000035s ]

[ 2020-12-10T20:57:43+08:00 ] 127.0.0.1 /admin.php/Activity/deljoin/joinid/
INFO: [ app_init ] --START--
INFO: Run Behavior\BuildLiteBehavior [ RunTime:0.000006s ]
INFO: [ app_init ] --END-- [ RunTime:0.000034s ]

[ 2020-12-10T20:58:04+08:00 ] 127.0.0.1 /admin.php/Activity/join.html
INFO: [ app_init ] --START--
INFO: Run Behavior\BuildLiteBehavior [ RunTime:0.000008s ]
INFO: [ app_init ] --END-- [ RunTime:0.000042s ]

[ 2020-12-10T20:58:05+08:00 ] 127.0.0.1 /admin.php/Activity/deljoin/joinid/63
INFO: [ app_init ] --START--
INFO: Run Behavior\BuildLiteBehavior [ RunTime:0.000006s ]
INFO: [ app_init ] --END-- [ RunTime:0.000035s ]

[ 2020-12-10T20:58:57+08:00 ] 127.0.0.1 /admin.php/Activity/join.html
INFO: [ app_init ] --START--
INFO: Run Behavior\BuildLiteBehavior [ RunTime:0.000008s ]
INFO: [ app_init ] --END-- [ RunTime:0.000036s ]

[ 2020-12-10T20:58:59+08:00 ] 127.0.0.1 /admin.php/Activity/deljoin/joinid/65
INFO: [ app_init ] --START--
INFO: Run Behavior\BuildLiteBehavior [ RunTime:0.000008s ]
INFO: [ app_init ] --END-- [ RunTime:0.000038s ]

[ 2020-12-10T20:59:12+08:00 ] 127.0.0.1 /admin.php/Activity/join.html
INFO: [ app_init ] --START--
INFO: Run Behavior\BuildLiteBehavior [ RunTime:0.000012s ]
INFO: [ app_init ] --END-- [ RunTime:0.000061s ]

[ 2020-12-10T20:59:13+08:00 ] 127.0.0.1 /admin.php/Activity/deljoin/joinid/65
INFO: [ app_init ] --START--
INFO: Run Behavior\BuildLiteBehavior [ RunTime:0.000007s ]
INFO: [ app_init ] --END-- [ RunTime:0.000040s ]

[ 2020-12-10T21:01:54+08:00 ] 127.0.0.1 /admin.php/Activity/join.html
INFO: [ app_init ] --START--
INFO: Run Behavior\BuildLiteBehavior [ RunTime:0.000007s ]
INFO: [ app_init ] --END-- [ RunTime:0.000037s ]

[ 2020-12-10T21:01:55+08:00 ] 127.0.0.1 /admin.php/Activity/deljoin/joinid/58
INFO: [ app_init ] --START--
INFO: Run Behavior\BuildLiteBehavior [ RunTime:0.000007s ]
INFO: [ app_init ] --END-- [ RunTime:0.000042s ]

[ 2020-12-10T21:01:55+08:00 ] 127.0.0.1 /admin.php/Activity/join.html
INFO: [ app_init ] --START--
INFO: Run Behavior\BuildLiteBehavior [ RunTime:0.000007s ]
INFO: [ app_init ] --END-- [ RunTime:0.000034s ]

[ 2020-12-10T21:01:57+08:00 ] 127.0.0.1 /admin.php/Activity/deljoin/joinid/59
INFO: [ app_init ] --START--
INFO: Run Behavior\BuildLiteBehavior [ RunTime:0.000007s ]
INFO: [ app_init ] --END-- [ RunTime:0.000034s ]

[ 2020-12-10T21:01:57+08:00 ] 127.0.0.1 /admin.php/Activity/join.html
INFO: [ app_init ] --START--
INFO: Run Behavior\BuildLiteBehavior [ RunTime:0.000007s ]
INFO: [ app_init ] --END-- [ RunTime:0.000034s ]

[ 2020-12-10T21:01:58+08:00 ] 127.0.0.1 /admin.php/Activity/deljoin/joinid/60
INFO: [ app_init ] --START--
INFO: Run Behavior\BuildLiteBehavior [ RunTime:0.000009s ]
INFO: [ app_init ] --END-- [ RunTime:0.000043s ]

[ 2020-12-10T21:01:58+08:00 ] 127.0.0.1 /admin.php/Activity/join.html
INFO: [ app_init ] --START--
INFO: Run Behavior\BuildLiteBehavior [ RunTime:0.000008s ]
INFO: [ app_init ] --END-- [ RunTime:0.000040s ]

[ 2020-12-10T21:01:59+08:00 ] 127.0.0.1 /admin.php/Activity/deljoin/joinid/61
INFO: [ app_init ] --START--
INFO: Run Behavior\BuildLiteBehavior [ RunTime:0.000006s ]
INFO: [ app_init ] --END-- [ RunTime:0.000035s ]

[ 2020-12-10T21:01:59+08:00 ] 127.0.0.1 /admin.php/Activity/join.html
INFO: [ app_init ] --START--
INFO: Run Behavior\BuildLiteBehavior [ RunTime:0.000007s ]
INFO: [ app_init ] --END-- [ RunTime:0.000035s ]

[ 2020-12-10T21:24:20+08:00 ] 127.0.0.1 /admin.php/User/index.html
INFO: [ app_init ] --START--
INFO: Run Behavior\BuildLiteBehavior [ RunTime:0.000012s ]
INFO: [ app_init ] --END-- [ RunTime:0.000067s ]

[ 2020-12-10T21:24:25+08:00 ] 127.0.0.1 /admin.php/User/index?email=136179937%40qq.com
INFO: [ app_init ] --START--
INFO: Run Behavior\BuildLiteBehavior [ RunTime:0.000008s ]
INFO: [ app_init ] --END-- [ RunTime:0.000037s ]

[ 2020-12-10T21:24:28+08:00 ] 127.0.0.1 /admin.php/User/index?email=448222806%40qq.com
INFO: [ app_init ] --START--
INFO: Run Behavior\BuildLiteBehavior [ RunTime:0.000007s ]
INFO: [ app_init ] --END-- [ RunTime:0.000037s ]

[ 2020-12-10T21:24:30+08:00 ] 127.0.0.1 /admin.php/User/index?email=136179937%40qq.com
INFO: [ app_init ] --START--
INFO: Run Behavior\BuildLiteBehavior [ RunTime:0.000007s ]
INFO: [ app_init ] --END-- [ RunTime:0.000035s ]

[ 2020-12-10T21:24:32+08:00 ] 127.0.0.1 /admin.php/User/index?email=
INFO: [ app_init ] --START--
INFO: Run Behavior\BuildLiteBehavior [ RunTime:0.000010s ]
INFO: [ app_init ] --END-- [ RunTime:0.000071s ]

[ 2020-12-10T21:24:58+08:00 ] 127.0.0.1 /admin.php/Admin/index.html
INFO: [ app_init ] --START--
INFO: Run Behavior\BuildLiteBehavior [ RunTime:0.000007s ]
INFO: [ app_init ] --END-- [ RunTime:0.000034s ]

[ 2020-12-10T21:25:02+08:00 ] 127.0.0.1 /admin.php/Admin/index?name=%E7%A8%8B%E9%BA%9F
INFO: [ app_init ] --START--
INFO: Run Behavior\BuildLiteBehavior [ RunTime:0.000006s ]
INFO: [ app_init ] --END-- [ RunTime:0.000035s ]

[ 2020-12-10T21:25:04+08:00 ] 127.0.0.1 /admin.php/Admin/index?name=qq
INFO: [ app_init ] --START--
INFO: Run Behavior\BuildLiteBehavior [ RunTime:0.000032s ]
INFO: [ app_init ] --END-- [ RunTime:0.000201s ]

[ 2020-12-10T21:25:20+08:00 ] 127.0.0.1 /admin.php/Admin/index?name=qq
INFO: [ app_init ] --START--
INFO: Run Behavior\BuildLiteBehavior [ RunTime:0.000007s ]
INFO: [ app_init ] --END-- [ RunTime:0.000039s ]

[ 2020-12-10T21:25:23+08:00 ] 127.0.0.1 /admin.php/Admin/index?name=%E7%A8%8B%E9%BA%9F
INFO: [ app_init ] --START--
INFO: Run Behavior\BuildLiteBehavior [ RunTime:0.000007s ]
INFO: [ app_init ] --END-- [ RunTime:0.000035s ]

[ 2020-12-10T21:25:25+08:00 ] 127.0.0.1 /admin.php/Admin/index?name=qq
INFO: [ app_init ] --START--
INFO: Run Behavior\BuildLiteBehavior [ RunTime:0.000008s ]
INFO: [ app_init ] --END-- [ RunTime:0.000047s ]

[ 2020-12-10T21:25:27+08:00 ] 127.0.0.1 /admin.php/Admin/index?name=
INFO: [ app_init ] --START--
INFO: Run Behavior\BuildLiteBehavior [ RunTime:0.000006s ]
INFO: [ app_init ] --END-- [ RunTime:0.000034s ]

[ 2020-12-10T21:26:23+08:00 ] 127.0.0.1 /admin.php/Admin/index?name=
INFO: [ app_init ] --START--
INFO: Run Behavior\BuildLiteBehavior [ RunTime:0.000008s ]
INFO: [ app_init ] --END-- [ RunTime:0.000048s ]

[ 2020-12-10T21:26:26+08:00 ] 127.0.0.1 /admin.php/Admin/index.html
INFO: [ app_init ] --START--
INFO: Run Behavior\BuildLiteBehavior [ RunTime:0.000006s ]
INFO: [ app_init ] --END-- [ RunTime:0.000034s ]

[ 2020-12-10T21:26:28+08:00 ] 127.0.0.1 /admin.php
INFO: [ app_init ] --START--
INFO: Run Behavior\BuildLiteBehavior [ RunTime:0.000008s ]
INFO: [ app_init ] --END-- [ RunTime:0.000040s ]

[ 2020-12-10T21:26:29+08:00 ] 127.0.0.1 /admin.php/Admin/index.html
INFO: [ app_init ] --START--
INFO: Run Behavior\BuildLiteBehavior [ RunTime:0.000007s ]
INFO: [ app_init ] --END-- [ RunTime:0.000036s ]

[ 2020-12-10T21:26:49+08:00 ] 127.0.0.1 /admin.php/Admin/index.html
INFO: [ app_init ] --START--
INFO: Run Behavior\BuildLiteBehavior [ RunTime:0.000008s ]
INFO: [ app_init ] --END-- [ RunTime:0.000041s ]

[ 2020-12-10T21:26:51+08:00 ] 127.0.0.1 /admin.php/Admin/index?name=admin
INFO: [ app_init ] --START--
INFO: Run Behavior\BuildLiteBehavior [ RunTime:0.000008s ]
INFO: [ app_init ] --END-- [ RunTime:0.000037s ]

[ 2020-12-10T21:26:53+08:00 ] 127.0.0.1 /admin.php/Admin/index?name=
INFO: [ app_init ] --START--
INFO: Run Behavior\BuildLiteBehavior [ RunTime:0.000007s ]
INFO: [ app_init ] --END-- [ RunTime:0.000041s ]

[ 2020-12-10T21:30:10+08:00 ] 127.0.0.1 /admin.php/Admin/index?name=
INFO: [ app_init ] --START--
INFO: Run Behavior\BuildLiteBehavior [ RunTime:0.000009s ]
INFO: [ app_init ] --END-- [ RunTime:0.000048s ]
ERR: 错误的查询条件:[adminname=>Array]

[ 2020-12-10T21:30:39+08:00 ] 127.0.0.1 /admin.php/Admin/index?name=
INFO: [ app_init ] --START--
INFO: Run Behavior\BuildLiteBehavior [ RunTime:0.000012s ]
INFO: [ app_init ] --END-- [ RunTime:0.000058s ]
ERR: 错误的查询条件:[adminname=>Array]

[ 2020-12-10T21:31:12+08:00 ] 127.0.0.1 /admin.php/Admin/index?name=
INFO: [ app_init ] --START--
INFO: Run Behavior\BuildLiteBehavior [ RunTime:0.000007s ]
INFO: [ app_init ] --END-- [ RunTime:0.000035s ]

[ 2020-12-10T21:31:19+08:00 ] 127.0.0.1 /admin.php/Activity/join.html
INFO: [ app_init ] --START--
INFO: Run Behavior\BuildLiteBehavior [ RunTime:0.000007s ]
INFO: [ app_init ] --END-- [ RunTime:0.000034s ]

[ 2020-12-10T21:31:21+08:00 ] 127.0.0.1 /admin.php/Activity/deljoin/joinid/64
INFO: [ app_init ] --START--
INFO: Run Behavior\BuildLiteBehavior [ RunTime:0.000008s ]
INFO: [ app_init ] --END-- [ RunTime:0.000036s ]

[ 2020-12-10T21:31:21+08:00 ] 127.0.0.1 /admin.php/Activity/join.html
INFO: [ app_init ] --START--
INFO: Run Behavior\BuildLiteBehavior [ RunTime:0.000008s ]
INFO: [ app_init ] --END-- [ RunTime:0.000035s ]

[ 2020-12-10T21:36:59+08:00 ] 127.0.0.1 /admin.php/Activity/index.html
INFO: [ app_init ] --START--
INFO: Run Behavior\BuildLiteBehavior [ RunTime:0.000006s ]
INFO: [ app_init ] --END-- [ RunTime:0.000034s ]

[ 2020-12-10T21:37:04+08:00 ] 127.0.0.1 /admin.php/Activity/add.html
INFO: [ app_init ] --START--
INFO: Run Behavior\BuildLiteBehavior [ RunTime:0.000019s ]
INFO: [ app_init ] --END-- [ RunTime:0.000114s ]

[ 2020-12-10T21:38:43+08:00 ] 127.0.0.1 /admin.php/Activity/add
INFO: [ app_init ] --START--
INFO: Run Behavior\BuildLiteBehavior [ RunTime:0.000017s ]
INFO: [ app_init ] --END-- [ RunTime:0.000093s ]

[ 2020-12-10T21:38:43+08:00 ] 127.0.0.1 /admin.php/activity/index.html
INFO: [ app_init ] --START--
INFO: Run Behavior\BuildLiteBehavior [ RunTime:0.000008s ]
INFO: [ app_init ] --END-- [ RunTime:0.000036s ]

[ 2020-12-10T21:43:12+08:00 ] 127.0.0.1 /admin.php/Activity/index.html
INFO: [ app_init ] --START--
INFO: Run Behavior\BuildLiteBehavior [ RunTime:0.000007s ]
INFO: [ app_init ] --END-- [ RunTime:0.000035s ]

[ 2020-12-10T21:43:23+08:00 ] 127.0.0.1 /admin.php/Activity/add.html
INFO: [ app_init ] --START--
INFO: Run Behavior\BuildLiteBehavior [ RunTime:0.000007s ]
INFO: [ app_init ] --END-- [ RunTime:0.000042s ]

